  baekhun.cpp
C:\Users\USER\source\C-\repos\baekjun_project\baekjun_project\baekhun.cpp(10,25): error C2679: binary '>>': no operator found which takes a right-hand operand of type 'overloaded-function' (or there is no acceptable conversion)
      C:\Program Files\Microsoft Visual Studio\2022\Community\VC\Tools\MSVC\14.43.34808\include\istream(313,39):
      could be 'std::basic_istream<char,std::char_traits<char>> &std::basic_istream<char,std::char_traits<char>>::operator >>(std::basic_streambuf<char,std::char_traits<char>> *)'
          C:\Users\USER\source\C-\repos\baekjun_project\baekjun_project\baekhun.cpp(10,25):
          'std::basic_istream<char,std::char_traits<char>> &std::basic_istream<char,std::char_traits<char>>::operator >>(std::basic_streambuf<char,std::char_traits<char>> *)': cannot convert argument 2 from 'std::basic_ostream<_Elem,_Traits> &(__cdecl *)(std::basic_ostream<_Elem,_Traits> &)' to 'std::basic_streambuf<char,std::char_traits<char>> *'
              C:\Users\USER\source\C-\repos\baekjun_project\baekjun_project\baekhun.cpp(10,39):
              Context does not allow for disambiguation of overloaded function
      C:\Program Files\Microsoft Visual Studio\2022\Community\VC\Tools\MSVC\14.43.34808\include\istream(309,39):
      or       'std::basic_istream<char,std::char_traits<char>> &std::basic_istream<char,std::char_traits<char>>::operator >>(void *&)'
          C:\Users\USER\source\C-\repos\baekjun_project\baekjun_project\baekhun.cpp(10,25):
          'std::basic_istream<char,std::char_traits<char>> &std::basic_istream<char,std::char_traits<char>>::operator >>(void *&)': cannot convert argument 2 from 'std::basic_ostream<_Elem,_Traits> &(__cdecl *)(std::basic_ostream<_Elem,_Traits> &)' to 'void *&'
      C:\Program Files\Microsoft Visual Studio\2022\Community\VC\Tools\MSVC\14.43.34808\include\istream(305,39):
      or       'std::basic_istream<char,std::char_traits<char>> &std::basic_istream<char,std::char_traits<char>>::operator >>(long double &)'
          C:\Users\USER\source\C-\repos\baekjun_project\baekjun_project\baekhun.cpp(10,25):
          'std::basic_istream<char,std::char_traits<char>> &std::basic_istream<char,std::char_traits<char>>::operator >>(long double &)': cannot convert argument 2 from 'std::basic_ostream<_Elem,_Traits> &(__cdecl *)(std::basic_ostream<_Elem,_Traits> &)' to 'long double &'
      C:\Program Files\Microsoft Visual Studio\2022\Community\VC\Tools\MSVC\14.43.34808\include\istream(301,39):
      or       'std::basic_istream<char,std::char_traits<char>> &std::basic_istream<char,std::char_traits<char>>::operator >>(double &)'
          C:\Users\USER\source\C-\repos\baekjun_project\baekjun_project\baekhun.cpp(10,25):
          'std::basic_istream<char,std::char_traits<char>> &std::basic_istream<char,std::char_traits<char>>::operator >>(double &)': cannot convert argument 2 from 'std::basic_ostream<_Elem,_Traits> &(__cdecl *)(std::basic_ostream<_Elem,_Traits> &)' to 'double &'
      C:\Program Files\Microsoft Visual Studio\2022\Community\VC\Tools\MSVC\14.43.34808\include\istream(297,39):
      or       'std::basic_istream<char,std::char_traits<char>> &std::basic_istream<char,std::char_traits<char>>::operator >>(float &)'
          C:\Users\USER\source\C-\repos\baekjun_project\baekjun_project\baekhun.cpp(10,25):
          'std::basic_istream<char,std::char_traits<char>> &std::basic_istream<char,std::char_traits<char>>::operator >>(float &)': cannot convert argument 2 from 'std::basic_ostream<_Elem,_Traits> &(__cdecl *)(std::basic_ostream<_Elem,_Traits> &)' to 'float &'
      C:\Program Files\Microsoft Visual Studio\2022\Community\VC\Tools\MSVC\14.43.34808\include\istream(293,39):
      or       'std::basic_istream<char,std::char_traits<char>> &std::basic_istream<char,std::char_traits<char>>::operator >>(unsigned __int64 &)'
          C:\Users\USER\source\C-\repos\baekjun_project\baekjun_project\baekhun.cpp(10,25):
          'std::basic_istream<char,std::char_traits<char>> &std::basic_istream<char,std::char_traits<char>>::operator >>(unsigned __int64 &)': cannot convert argument 2 from 'std::basic_ostream<_Elem,_Traits> &(__cdecl *)(std::basic_ostream<_Elem,_Traits> &)' to 'unsigned __int64 &'
      C:\Program Files\Microsoft Visual Studio\2022\Community\VC\Tools\MSVC\14.43.34808\include\istream(289,39):
      or       'std::basic_istream<char,std::char_traits<char>> &std::basic_istream<char,std::char_traits<char>>::operator >>(__int64 &)'
          C:\Users\USER\source\C-\repos\baekjun_project\baekjun_project\baekhun.cpp(10,25):
          'std::basic_istream<char,std::char_traits<char>> &std::basic_istream<char,std::char_traits<char>>::operator >>(__int64 &)': cannot convert argument 2 from 'std::basic_ostream<_Elem,_Traits> &(__cdecl *)(std::basic_ostream<_Elem,_Traits> &)' to '__int64 &'
      C:\Program Files\Microsoft Visual Studio\2022\Community\VC\Tools\MSVC\14.43.34808\include\istream(285,39):
      or       'std::basic_istream<char,std::char_traits<char>> &std::basic_istream<char,std::char_traits<char>>::operator >>(unsigned long &)'
          C:\Users\USER\source\C-\repos\baekjun_project\baekjun_project\baekhun.cpp(10,25):
          'std::basic_istream<char,std::char_traits<char>> &std::basic_istream<char,std::char_traits<char>>::operator >>(unsigned long &)': cannot convert argument 2 from 'std::basic_ostream<_Elem,_Traits> &(__cdecl *)(std::basic_ostream<_Elem,_Traits> &)' to 'unsigned long &'
      C:\Program Files\Microsoft Visual Studio\2022\Community\VC\Tools\MSVC\14.43.34808\include\istream(281,39):
      or       'std::basic_istream<char,std::char_traits<char>> &std::basic_istream<char,std::char_traits<char>>::operator >>(long &)'
          C:\Users\USER\source\C-\repos\baekjun_project\baekjun_project\baekhun.cpp(10,25):
          'std::basic_istream<char,std::char_traits<char>> &std::basic_istream<char,std::char_traits<char>>::operator >>(long &)': cannot convert argument 2 from 'std::basic_ostream<_Elem,_Traits> &(__cdecl *)(std::basic_ostream<_Elem,_Traits> &)' to 'long &'
      C:\Program Files\Microsoft Visual Studio\2022\Community\VC\Tools\MSVC\14.43.34808\include\istream(277,39):
      or       'std::basic_istream<char,std::char_traits<char>> &std::basic_istream<char,std::char_traits<char>>::operator >>(unsigned int &)'
          C:\Users\USER\source\C-\repos\baekjun_project\baekjun_project\baekhun.cpp(10,25):
          'std::basic_istream<char,std::char_traits<char>> &std::basic_istream<char,std::char_traits<char>>::operator >>(unsigned int &)': cannot convert argument 2 from 'std::basic_ostream<_Elem,_Traits> &(__cdecl *)(std::basic_ostream<_Elem,_Traits> &)' to 'unsigned int &'
      C:\Program Files\Microsoft Visual Studio\2022\Community\VC\Tools\MSVC\14.43.34808\include\istream(269,39):
      or       'std::basic_istream<char,std::char_traits<char>> &std::basic_istream<char,std::char_traits<char>>::operator >>(int &)'
          C:\Users\USER\source\C-\repos\baekjun_project\baekjun_project\baekhun.cpp(10,25):
          'std::basic_istream<char,std::char_traits<char>> &std::basic_istream<char,std::char_traits<char>>::operator >>(int &)': cannot convert argument 2 from 'std::basic_ostream<_Elem,_Traits> &(__cdecl *)(std::basic_ostream<_Elem,_Traits> &)' to 'int &'
      C:\Program Files\Microsoft Visual Studio\2022\Community\VC\Tools\MSVC\14.43.34808\include\istream(265,39):
      or       'std::basic_istream<char,std::char_traits<char>> &std::basic_istream<char,std::char_traits<char>>::operator >>(unsigned short &)'
          C:\Users\USER\source\C-\repos\baekjun_project\baekjun_project\baekhun.cpp(10,25):
          'std::basic_istream<char,std::char_traits<char>> &std::basic_istream<char,std::char_traits<char>>::operator >>(unsigned short &)': cannot convert argument 2 from 'std::basic_ostream<_Elem,_Traits> &(__cdecl *)(std::basic_ostream<_Elem,_Traits> &)' to 'unsigned short &'
      C:\Program Files\Microsoft Visual Studio\2022\Community\VC\Tools\MSVC\14.43.34808\include\istream(233,39):
      or       'std::basic_istream<char,std::char_traits<char>> &std::basic_istream<char,std::char_traits<char>>::operator >>(short &)'
          C:\Users\USER\source\C-\repos\baekjun_project\baekjun_project\baekhun.cpp(10,25):
          'std::basic_istream<char,std::char_traits<char>> &std::basic_istream<char,std::char_traits<char>>::operator >>(short &)': cannot convert argument 2 from 'std::basic_ostream<_Elem,_Traits> &(__cdecl *)(std::basic_ostream<_Elem,_Traits> &)' to 'short &'
      C:\Program Files\Microsoft Visual Studio\2022\Community\VC\Tools\MSVC\14.43.34808\include\istream(229,39):
      or       'std::basic_istream<char,std::char_traits<char>> &std::basic_istream<char,std::char_traits<char>>::operator >>(bool &)'
          C:\Users\USER\source\C-\repos\baekjun_project\baekjun_project\baekhun.cpp(10,25):
          'std::basic_istream<char,std::char_traits<char>> &std::basic_istream<char,std::char_traits<char>>::operator >>(bool &)': cannot convert argument 2 from 'std::basic_ostream<_Elem,_Traits> &(__cdecl *)(std::basic_ostream<_Elem,_Traits> &)' to 'bool &'
      C:\Program Files\Microsoft Visual Studio\2022\Community\VC\Tools\MSVC\14.43.34808\include\istream(200,39):
      or       'std::basic_istream<char,std::char_traits<char>> &std::basic_istream<char,std::char_traits<char>>::operator >>(std::ios_base &(__cdecl *)(std::ios_base &))'
          C:\Users\USER\source\C-\repos\baekjun_project\baekjun_project\baekhun.cpp(10,25):
          'std::basic_istream<char,std::char_traits<char>> &std::basic_istream<char,std::char_traits<char>>::operator >>(std::ios_base &(__cdecl *)(std::ios_base &))': cannot convert argument 2 from 'std::basic_ostream<_Elem,_Traits> &(__cdecl *)(std::basic_ostream<_Elem,_Traits> &)' to 'std::ios_base &(__cdecl *)(std::ios_base &)'
              C:\Users\USER\source\C-\repos\baekjun_project\baekjun_project\baekhun.cpp(10,39):
              None of the functions with this name in scope match the target type
      C:\Program Files\Microsoft Visual Studio\2022\Community\VC\Tools\MSVC\14.43.34808\include\istream(195,39):
      or       'std::basic_istream<char,std::char_traits<char>> &std::basic_istream<char,std::char_traits<char>>::operator >>(std::basic_ios<char,std::char_traits<char>> &(__cdecl *)(std::basic_ios<char,std::char_traits<char>> &))'
          C:\Users\USER\source\C-\repos\baekjun_project\baekjun_project\baekhun.cpp(10,25):
          'std::basic_istream<char,std::char_traits<char>> &std::basic_istream<char,std::char_traits<char>>::operator >>(std::basic_ios<char,std::char_traits<char>> &(__cdecl *)(std::basic_ios<char,std::char_traits<char>> &))': cannot convert argument 2 from 'std::basic_ostream<_Elem,_Traits> &(__cdecl *)(std::basic_ostream<_Elem,_Traits> &)' to 'std::basic_ios<char,std::char_traits<char>> &(__cdecl *)(std::basic_ios<char,std::char_traits<char>> &)'
              C:\Users\USER\source\C-\repos\baekjun_project\baekjun_project\baekhun.cpp(10,39):
              None of the functions with this name in scope match the target type
      C:\Program Files\Microsoft Visual Studio\2022\Community\VC\Tools\MSVC\14.43.34808\include\istream(190,39):
      or       'std::basic_istream<char,std::char_traits<char>> &std::basic_istream<char,std::char_traits<char>>::operator >>(std::basic_istream<char,std::char_traits<char>> &(__cdecl *)(std::basic_istream<char,std::char_traits<char>> &))'
          C:\Users\USER\source\C-\repos\baekjun_project\baekjun_project\baekhun.cpp(10,25):
          'std::basic_istream<char,std::char_traits<char>> &std::basic_istream<char,std::char_traits<char>>::operator >>(std::basic_istream<char,std::char_traits<char>> &(__cdecl *)(std::basic_istream<char,std::char_traits<char>> &))': cannot convert argument 2 from 'std::basic_ostream<_Elem,_Traits> &(__cdecl *)(std::basic_ostream<_Elem,_Traits> &)' to 'std::basic_istream<char,std::char_traits<char>> &(__cdecl *)(std::basic_istream<char,std::char_traits<char>> &)'
              C:\Users\USER\source\C-\repos\baekjun_project\baekjun_project\baekhun.cpp(10,39):
              None of the functions with this name in scope match the target type
      C:\Program Files\Microsoft Visual Studio\2022\Community\VC\Tools\MSVC\14.43.34808\include\istream(881,32):
      or       'std::basic_istream<char,std::char_traits<char>> &std::operator >><char,std::char_traits<char>>(std::basic_istream<char,std::char_traits<char>> &,_Elem &)'
          with
          [
              _Elem=char
          ]
          C:\Users\USER\source\C-\repos\baekjun_project\baekjun_project\baekhun.cpp(10,25):
          'std::basic_istream<char,std::char_traits<char>> &std::operator >><char,std::char_traits<char>>(std::basic_istream<char,std::char_traits<char>> &,_Elem &)': cannot convert argument 2 from 'std::basic_ostream<_Elem,_Traits> &(__cdecl *)(std::basic_ostream<_Elem,_Traits> &)' to '_Elem &'
          with
          [
              _Elem=char
          ]
      C:\Program Files\Microsoft Visual Studio\2022\Community\VC\Tools\MSVC\14.43.34808\include\istream(865,32):
      or       'std::basic_istream<char,std::char_traits<char>> &std::operator >><char,std::char_traits<char>>(std::basic_istream<char,std::char_traits<char>> &,_Elem *)'
          with
          [
              _Elem=char
          ]
          C:\Users\USER\source\C-\repos\baekjun_project\baekjun_project\baekhun.cpp(10,25):
          'std::basic_istream<char,std::char_traits<char>> &std::operator >><char,std::char_traits<char>>(std::basic_istream<char,std::char_traits<char>> &,_Elem *)': cannot convert argument 2 from 'std::basic_ostream<_Elem,_Traits> &(__cdecl *)(std::basic_ostream<_Elem,_Traits> &)' to '_Elem *'
          with
          [
              _Elem=char
          ]
              C:\Users\USER\source\C-\repos\baekjun_project\baekjun_project\baekhun.cpp(10,39):
              Context does not allow for disambiguation of overloaded function
      C:\Program Files\Microsoft Visual Studio\2022\Community\VC\Tools\MSVC\14.43.34808\include\istream(923,9):
      or       '_Istr &&std::operator >>(_Istr &&,_Ty &&)'
          C:\Users\USER\source\C-\repos\baekjun_project\baekjun_project\baekhun.cpp(10,25):
          '_Istr &&std::operator >>(_Istr &&,_Ty &&)': could not deduce template argument for '_Ty'
      C:\Program Files\Microsoft Visual Studio\2022\Community\VC\Tools\MSVC\14.43.34808\include\istream(910,31):
      or       'std::basic_istream<char,_Traits> &std::operator >>(std::basic_istream<char,_Traits> &,unsigned char &)'
          C:\Users\USER\source\C-\repos\baekjun_project\baekjun_project\baekhun.cpp(10,39):
          'initializing': cannot convert from 'std::basic_ostream<_Elem,_Traits> &(__cdecl *)(std::basic_ostream<_Elem,_Traits> &)' to 'unsigned char &'
      C:\Program Files\Microsoft Visual Studio\2022\Community\VC\Tools\MSVC\14.43.34808\include\istream(904,31):
      or       'std::basic_istream<char,_Traits> &std::operator >>(std::basic_istream<char,_Traits> &,signed char &)'
          C:\Users\USER\source\C-\repos\baekjun_project\baekjun_project\baekhun.cpp(10,39):
          'initializing': cannot convert from 'std::basic_ostream<_Elem,_Traits> &(__cdecl *)(std::basic_ostream<_Elem,_Traits> &)' to 'signed char &'
      C:\Program Files\Microsoft Visual Studio\2022\Community\VC\Tools\MSVC\14.43.34808\include\istream(875,31):
      or       'std::basic_istream<char,_Traits> &std::operator >>(std::basic_istream<char,_Traits> &,unsigned char *)'
          C:\Users\USER\source\C-\repos\baekjun_project\baekjun_project\baekhun.cpp(10,39):
          'initializing': cannot convert from 'std::basic_ostream<_Elem,_Traits> &(__cdecl *)(std::basic_ostream<_Elem,_Traits> &)' to 'unsigned char *'
              C:\Users\USER\source\C-\repos\baekjun_project\baekjun_project\baekhun.cpp(10,39):
              Context does not allow for disambiguation of overloaded function
      C:\Program Files\Microsoft Visual Studio\2022\Community\VC\Tools\MSVC\14.43.34808\include\istream(870,31):
      or       'std::basic_istream<char,_Traits> &std::operator >>(std::basic_istream<char,_Traits> &,signed char *)'
          C:\Users\USER\source\C-\repos\baekjun_project\baekjun_project\baekhun.cpp(10,39):
          'initializing': cannot convert from 'std::basic_ostream<_Elem,_Traits> &(__cdecl *)(std::basic_ostream<_Elem,_Traits> &)' to 'signed char *'
              C:\Users\USER\source\C-\repos\baekjun_project\baekjun_project\baekhun.cpp(10,39):
              Context does not allow for disambiguation of overloaded function
      C:\Program Files\Microsoft Visual Studio\2022\Community\VC\Tools\MSVC\14.43.34808\include\xstring(3359,32):
      or       'std::basic_istream<_Elem,_Traits> &std::operator >>(std::basic_istream<_Elem,_Traits> &,std::basic_string<_Elem,_Traits,_Alloc> &)'
          C:\Users\USER\source\C-\repos\baekjun_project\baekjun_project\baekhun.cpp(10,25):
          'std::basic_istream<_Elem,_Traits> &std::operator >>(std::basic_istream<_Elem,_Traits> &,std::basic_string<_Elem,_Traits,_Alloc> &)': could not deduce template argument for '_Alloc'
      C:\Users\USER\source\C-\repos\baekjun_project\baekjun_project\baekhun.cpp(10,25):
      while trying to match the argument list '(std::basic_istream<char,std::char_traits<char>>, overloaded-function)'
  
C:\Users\USER\source\C-\repos\baekjun_project\baekjun_project\baekhun.cpp(12,6): error C2059: syntax error: 'type'
